<?xml version="1.0" encoding="UTF-8"?>
<!-- Generated by org.testng.reporters.JUnitXMLReporter -->
<testsuite ignored="0" hostname="Al-Qadomi" failures="0" tests="4" name="Default test" time="2.863" errors="0" timestamp="2025-06-29T16:01:09 EET">
  <testcase classname="ooooooo.jjjjj" name="navigateToLoginPage" time="0.631"/>
  <testcase classname="ooooooo.jjjjj" name="checkTheLoginWindow" time="0.033"/>
  <testcase classname="ooooooo.jjjjj" name="logIn" time="0.949"/>
  <testcase classname="ooooooo.jjjjj" name="checkAddressText" time="0.031"/>
</testsuite> <!-- Default test -->
