<?xml version="1.0" encoding="UTF-8"?>
<testng-results ignored="0" total="4" passed="4" failed="0" skipped="0">
  <reporter-output>
  </reporter-output>
  <suite started-at="2025-06-29T16:01:06 EET" name="Default suite" finished-at="2025-06-29T16:01:09 EET" duration-ms="2863">
    <groups>
    </groups>
    <test started-at="2025-06-29T16:01:06 EET" name="Default test" finished-at="2025-06-29T16:01:09 EET" duration-ms="2863">
      <class name="ooooooo.jjjjj">
        <test-method is-config="true" signature="mySetUp()[pri:0, instance:ooooooo.jjjjj@68ead359]" started-at="2025-06-29T16:01:06 EET" name="mySetUp" finished-at="2025-06-29T16:01:07 EET" duration-ms="1175" status="PASS">
          <reporter-output>
          </reporter-output>
        </test-method> <!-- mySetUp -->
        <test-method signature="navigateToLoginPage()[pri:1, instance:ooooooo.jjjjj@68ead359]" started-at="2025-06-29T16:01:07 EET" name="navigateToLoginPage" finished-at="2025-06-29T16:01:08 EET" duration-ms="631" status="PASS">
          <reporter-output>
          </reporter-output>
        </test-method> <!-- navigateToLoginPage -->
        <test-method signature="checkTheLoginWindow()[pri:2, instance:ooooooo.jjjjj@68ead359]" started-at="2025-06-29T16:01:08 EET" name="checkTheLoginWindow" finished-at="2025-06-29T16:01:08 EET" duration-ms="33" status="PASS">
          <reporter-output>
          </reporter-output>
        </test-method> <!-- checkTheLoginWindow -->
        <test-method signature="logIn()[pri:3, instance:ooooooo.jjjjj@68ead359]" started-at="2025-06-29T16:01:08 EET" name="logIn" finished-at="2025-06-29T16:01:09 EET" duration-ms="949" status="PASS">
          <reporter-output>
          </reporter-output>
        </test-method> <!-- logIn -->
        <test-method signature="checkAddressText()[pri:4, instance:ooooooo.jjjjj@68ead359]" started-at="2025-06-29T16:01:09 EET" name="checkAddressText" finished-at="2025-06-29T16:01:09 EET" duration-ms="31" status="PASS">
          <reporter-output>
          </reporter-output>
        </test-method> <!-- checkAddressText -->
      </class> <!-- ooooooo.jjjjj -->
    </test> <!-- Default test -->
  </suite> <!-- Default suite -->
</testng-results>
